2024-11-30 12:24:29,192 - scripts.animation - INFO - Loading animations from directory: data/images/cursor
2024-11-30 12:24:29,192 - scripts.animation - INFO - Loading animations from directory: data/images/player2
2024-11-30 12:24:29,192 - scripts.animation - INFO - Loading animations from directory: data/images/gun
2024-11-30 12:24:29,192 - scripts.animation - INFO - Loading animations from directory: data/images/bullet1
2024-11-30 12:24:29,192 - scripts.animation - INFO - Loading animations from directory: data/images/newPlayer
2024-11-30 12:24:29,192 - scripts.animation - INFO - Loading animations from directory: data/images/cursor/idle
2024-11-30 12:24:29,193 - scripts.animation - INFO - Loading animations from directory: data/images/player2/idle
2024-11-30 12:24:29,193 - scripts.animation - INFO - Loading animations from directory: data/images/player2/run
2024-11-30 12:24:29,193 - scripts.animation - INFO - Loading animations from directory: data/images/player2/idle/left
2024-11-30 12:24:29,193 - scripts.animation - INFO - Loading animations from directory: data/images/player2/idle/right
2024-11-30 12:24:29,193 - scripts.animation - INFO - Loading animations from directory: data/images/player2/idle/up-right
2024-11-30 12:24:29,193 - scripts.animation - INFO - Loading animations from directory: data/images/player2/idle/down
2024-11-30 12:24:29,193 - scripts.animation - INFO - Loading animations from directory: data/images/player2/idle/up
2024-11-30 12:24:29,193 - scripts.animation - INFO - Loading animations from directory: data/images/player2/idle/down-right
2024-11-30 12:24:29,193 - scripts.animation - INFO - Loading animations from directory: data/images/player2/idle/up-left
2024-11-30 12:24:29,193 - scripts.animation - INFO - Loading animations from directory: data/images/player2/idle/down-left
2024-11-30 12:24:29,193 - scripts.animation - INFO - Loading animations from directory: data/images/player2/run/left
2024-11-30 12:24:29,193 - scripts.animation - INFO - Loading animations from directory: data/images/player2/run/right
2024-11-30 12:24:29,194 - scripts.animation - INFO - Loading animations from directory: data/images/player2/run/up-right
2024-11-30 12:24:29,194 - scripts.animation - INFO - Loading animations from directory: data/images/player2/run/down
2024-11-30 12:24:29,194 - scripts.animation - INFO - Loading animations from directory: data/images/player2/run/up
2024-11-30 12:24:29,194 - scripts.animation - INFO - Loading animations from directory: data/images/player2/run/down-right
2024-11-30 12:24:29,194 - scripts.animation - INFO - Loading animations from directory: data/images/player2/run/up-left
2024-11-30 12:24:29,194 - scripts.animation - INFO - Loading animations from directory: data/images/player2/run/down-left
2024-11-30 12:24:29,194 - scripts.animation - INFO - Loading animations from directory: data/images/gun/idle
2024-11-30 12:24:29,194 - scripts.animation - INFO - Loading animations from directory: data/images/bullet1/idle
2024-11-30 12:24:29,194 - scripts.animation - INFO - Loading animations from directory: data/images/newPlayer/idle
2024-11-30 12:24:29,194 - scripts.animation - INFO - Loading animations from directory: data/images/newPlayer/run
2024-11-30 12:24:29,194 - scripts.animation - INFO - Loading animations from directory: data/images/newPlayer/idle/right
2024-11-30 12:24:29,195 - scripts.animation - INFO - Loading animations from directory: data/images/newPlayer/idle/down
2024-11-30 12:24:29,195 - scripts.animation - INFO - Loading animations from directory: data/images/newPlayer/idle/up
2024-11-30 12:24:29,195 - scripts.animation - INFO - Loading animations from directory: data/images/newPlayer/run/right
2024-11-30 12:24:29,195 - scripts.animation - INFO - Loading animations from directory: data/images/newPlayer/run/down
2024-11-30 12:24:29,195 - scripts.animation - INFO - Loading animations from directory: data/images/newPlayer/run/up
2024-11-30 12:25:38,543 - scripts.animation - INFO - Loading animations from directory: data/images/cursor
2024-11-30 12:25:38,543 - scripts.animation - INFO - Loading animations from directory: data/images/player2
2024-11-30 12:25:38,543 - scripts.animation - INFO - Loading animations from directory: data/images/gun
2024-11-30 12:25:38,543 - scripts.animation - INFO - Loading animations from directory: data/images/bullet1
2024-11-30 12:25:38,543 - scripts.animation - INFO - Loading animations from directory: data/images/newPlayer
2024-11-30 12:25:38,543 - scripts.animation - INFO - Loading animations from directory: data/images/cursor/idle
2024-11-30 12:25:38,544 - scripts.animation - INFO - Loading animations from directory: data/images/player2/idle
2024-11-30 12:25:38,544 - scripts.animation - INFO - Loading animations from directory: data/images/player2/run
2024-11-30 12:25:38,544 - scripts.animation - INFO - Loading animations from directory: data/images/player2/idle/left
2024-11-30 12:25:38,544 - scripts.animation - INFO - Loading animations from directory: data/images/player2/idle/right
2024-11-30 12:25:38,544 - scripts.animation - INFO - Loading animations from directory: data/images/player2/idle/up-right
2024-11-30 12:25:38,544 - scripts.animation - INFO - Loading animations from directory: data/images/player2/idle/down
2024-11-30 12:25:38,544 - scripts.animation - INFO - Loading animations from directory: data/images/player2/idle/up
2024-11-30 12:25:38,544 - scripts.animation - INFO - Loading animations from directory: data/images/player2/idle/down-right
2024-11-30 12:25:38,544 - scripts.animation - INFO - Loading animations from directory: data/images/player2/idle/up-left
2024-11-30 12:25:38,544 - scripts.animation - INFO - Loading animations from directory: data/images/player2/idle/down-left
2024-11-30 12:25:38,544 - scripts.animation - INFO - Loading animations from directory: data/images/player2/run/left
2024-11-30 12:25:38,545 - scripts.animation - INFO - Loading animations from directory: data/images/player2/run/right
2024-11-30 12:25:38,545 - scripts.animation - INFO - Loading animations from directory: data/images/player2/run/up-right
2024-11-30 12:25:38,545 - scripts.animation - INFO - Loading animations from directory: data/images/player2/run/down
2024-11-30 12:25:38,545 - scripts.animation - INFO - Loading animations from directory: data/images/player2/run/up
2024-11-30 12:25:38,545 - scripts.animation - INFO - Loading animations from directory: data/images/player2/run/down-right
2024-11-30 12:25:38,545 - scripts.animation - INFO - Loading animations from directory: data/images/player2/run/up-left
2024-11-30 12:25:38,545 - scripts.animation - INFO - Loading animations from directory: data/images/player2/run/down-left
2024-11-30 12:25:38,545 - scripts.animation - INFO - Loading animations from directory: data/images/gun/idle
2024-11-30 12:25:38,545 - scripts.animation - INFO - Loading animations from directory: data/images/bullet1/idle
2024-11-30 12:25:38,545 - scripts.animation - INFO - Loading animations from directory: data/images/newPlayer/idle
2024-11-30 12:25:38,545 - scripts.animation - INFO - Loading animations from directory: data/images/newPlayer/run
2024-11-30 12:25:38,545 - scripts.animation - INFO - Loading animations from directory: data/images/newPlayer/idle/right
2024-11-30 12:25:38,545 - scripts.animation - INFO - Loading animations from directory: data/images/newPlayer/idle/down
2024-11-30 12:25:38,546 - scripts.animation - INFO - Loading animations from directory: data/images/newPlayer/idle/up
2024-11-30 12:25:38,546 - scripts.animation - INFO - Loading animations from directory: data/images/newPlayer/run/right
2024-11-30 12:25:38,546 - scripts.animation - INFO - Loading animations from directory: data/images/newPlayer/run/down
2024-11-30 12:25:38,546 - scripts.animation - INFO - Loading animations from directory: data/images/newPlayer/run/up
2024-11-30 12:26:30,801 - scripts.animation - INFO - Loading animations from directory: data/images/cursor
2024-11-30 12:26:30,802 - scripts.animation - INFO - Loading animations from directory: data/images/player2
2024-11-30 12:26:30,802 - scripts.animation - INFO - Loading animations from directory: data/images/gun
2024-11-30 12:26:30,802 - scripts.animation - INFO - Loading animations from directory: data/images/bullet1
2024-11-30 12:26:30,802 - scripts.animation - INFO - Loading animations from directory: data/images/newPlayer
2024-11-30 12:26:30,802 - scripts.animation - INFO - Loading animations from directory: data/images/cursor/idle
2024-11-30 12:26:30,802 - scripts.animation - INFO - Loading animations from directory: data/images/player2/idle
2024-11-30 12:26:30,802 - scripts.animation - INFO - Loading animations from directory: data/images/player2/run
2024-11-30 12:26:30,803 - scripts.animation - INFO - Loading animations from directory: data/images/player2/idle/left
2024-11-30 12:26:30,803 - scripts.animation - INFO - Loading animations from directory: data/images/player2/idle/right
2024-11-30 12:26:30,803 - scripts.animation - INFO - Loading animations from directory: data/images/player2/idle/up-right
2024-11-30 12:26:30,803 - scripts.animation - INFO - Loading animations from directory: data/images/player2/idle/down
2024-11-30 12:26:30,803 - scripts.animation - INFO - Loading animations from directory: data/images/player2/idle/up
2024-11-30 12:26:30,803 - scripts.animation - INFO - Loading animations from directory: data/images/player2/idle/down-right
2024-11-30 12:26:30,803 - scripts.animation - INFO - Loading animations from directory: data/images/player2/idle/up-left
2024-11-30 12:26:30,803 - scripts.animation - INFO - Loading animations from directory: data/images/player2/idle/down-left
2024-11-30 12:26:30,803 - scripts.animation - INFO - Loading animations from directory: data/images/player2/run/left
2024-11-30 12:26:30,803 - scripts.animation - INFO - Loading animations from directory: data/images/player2/run/right
2024-11-30 12:26:30,803 - scripts.animation - INFO - Loading animations from directory: data/images/player2/run/up-right
2024-11-30 12:26:30,804 - scripts.animation - INFO - Loading animations from directory: data/images/player2/run/down
2024-11-30 12:26:30,804 - scripts.animation - INFO - Loading animations from directory: data/images/player2/run/up
2024-11-30 12:26:30,804 - scripts.animation - INFO - Loading animations from directory: data/images/player2/run/down-right
2024-11-30 12:26:30,804 - scripts.animation - INFO - Loading animations from directory: data/images/player2/run/up-left
2024-11-30 12:26:30,804 - scripts.animation - INFO - Loading animations from directory: data/images/player2/run/down-left
2024-11-30 12:26:30,805 - scripts.animation - INFO - Loading animations from directory: data/images/gun/idle
2024-11-30 12:26:30,805 - scripts.animation - INFO - Loading animations from directory: data/images/bullet1/idle
2024-11-30 12:26:30,805 - scripts.animation - INFO - Loading animations from directory: data/images/newPlayer/idle
2024-11-30 12:26:30,805 - scripts.animation - INFO - Loading animations from directory: data/images/newPlayer/run
2024-11-30 12:26:30,805 - scripts.animation - INFO - Loading animations from directory: data/images/newPlayer/idle/right
2024-11-30 12:26:30,805 - scripts.animation - INFO - Loading animations from directory: data/images/newPlayer/idle/down
2024-11-30 12:26:30,805 - scripts.animation - INFO - Loading animations from directory: data/images/newPlayer/idle/up
2024-11-30 12:26:30,805 - scripts.animation - INFO - Loading animations from directory: data/images/newPlayer/run/right
2024-11-30 12:26:30,805 - scripts.animation - INFO - Loading animations from directory: data/images/newPlayer/run/down
2024-11-30 12:26:30,806 - scripts.animation - INFO - Loading animations from directory: data/images/newPlayer/run/up
2024-11-30 12:27:41,786 - scripts.animation - INFO - Loading animations from directory: data/images/cursor
2024-11-30 12:27:41,786 - scripts.animation - INFO - Loading animations from directory: data/images/player2
2024-11-30 12:27:41,787 - scripts.animation - INFO - Loading animations from directory: data/images/gun
2024-11-30 12:27:41,787 - scripts.animation - INFO - Loading animations from directory: data/images/bullet1
2024-11-30 12:27:41,787 - scripts.animation - INFO - Loading animations from directory: data/images/newPlayer
2024-11-30 12:27:41,787 - scripts.animation - INFO - Loading animations from directory: data/images/cursor/idle
2024-11-30 12:27:41,787 - scripts.animation - INFO - Loading animations from directory: data/images/player2/idle
2024-11-30 12:27:41,787 - scripts.animation - INFO - Loading animations from directory: data/images/player2/run
2024-11-30 12:27:41,787 - scripts.animation - INFO - Loading animations from directory: data/images/player2/idle/left
2024-11-30 12:27:41,787 - scripts.animation - INFO - Loading animations from directory: data/images/player2/idle/right
2024-11-30 12:27:41,788 - scripts.animation - INFO - Loading animations from directory: data/images/player2/idle/up-right
2024-11-30 12:27:41,788 - scripts.animation - INFO - Loading animations from directory: data/images/player2/idle/down
2024-11-30 12:27:41,788 - scripts.animation - INFO - Loading animations from directory: data/images/player2/idle/up
2024-11-30 12:27:41,788 - scripts.animation - INFO - Loading animations from directory: data/images/player2/idle/down-right
2024-11-30 12:27:41,788 - scripts.animation - INFO - Loading animations from directory: data/images/player2/idle/up-left
2024-11-30 12:27:41,788 - scripts.animation - INFO - Loading animations from directory: data/images/player2/idle/down-left
2024-11-30 12:27:41,789 - scripts.animation - INFO - Loading animations from directory: data/images/player2/run/left
2024-11-30 12:27:41,789 - scripts.animation - INFO - Loading animations from directory: data/images/player2/run/right
2024-11-30 12:27:41,789 - scripts.animation - INFO - Loading animations from directory: data/images/player2/run/up-right
2024-11-30 12:27:41,789 - scripts.animation - INFO - Loading animations from directory: data/images/player2/run/down
2024-11-30 12:27:41,789 - scripts.animation - INFO - Loading animations from directory: data/images/player2/run/up
2024-11-30 12:27:41,789 - scripts.animation - INFO - Loading animations from directory: data/images/player2/run/down-right
2024-11-30 12:27:41,789 - scripts.animation - INFO - Loading animations from directory: data/images/player2/run/up-left
2024-11-30 12:27:41,789 - scripts.animation - INFO - Loading animations from directory: data/images/player2/run/down-left
2024-11-30 12:27:41,790 - scripts.animation - INFO - Loading animations from directory: data/images/gun/idle
2024-11-30 12:27:41,790 - scripts.animation - INFO - Loading animations from directory: data/images/bullet1/idle
2024-11-30 12:27:41,790 - scripts.animation - INFO - Loading animations from directory: data/images/newPlayer/idle
2024-11-30 12:27:41,790 - scripts.animation - INFO - Loading animations from directory: data/images/newPlayer/run
2024-11-30 12:27:41,790 - scripts.animation - INFO - Loading animations from directory: data/images/newPlayer/idle/right
2024-11-30 12:27:41,790 - scripts.animation - INFO - Loading animations from directory: data/images/newPlayer/idle/down
2024-11-30 12:27:41,790 - scripts.animation - INFO - Loading animations from directory: data/images/newPlayer/idle/up
2024-11-30 12:27:41,790 - scripts.animation - INFO - Loading animations from directory: data/images/newPlayer/run/right
2024-11-30 12:27:41,790 - scripts.animation - INFO - Loading animations from directory: data/images/newPlayer/run/down
2024-11-30 12:27:41,791 - scripts.animation - INFO - Loading animations from directory: data/images/newPlayer/run/up
2024-11-30 12:28:27,108 - scripts.animation - INFO - Loading animations from directory: data/images/cursor
2024-11-30 12:28:27,108 - scripts.animation - INFO - Loading animations from directory: data/images/player2
2024-11-30 12:28:27,108 - scripts.animation - INFO - Loading animations from directory: data/images/gun
2024-11-30 12:28:27,109 - scripts.animation - INFO - Loading animations from directory: data/images/bullet1
2024-11-30 12:28:27,109 - scripts.animation - INFO - Loading animations from directory: data/images/newPlayer
2024-11-30 12:28:27,109 - scripts.animation - INFO - Loading animations from directory: data/images/cursor/idle
2024-11-30 12:28:27,109 - scripts.animation - INFO - Loading animations from directory: data/images/player2/idle
2024-11-30 12:28:27,109 - scripts.animation - INFO - Loading animations from directory: data/images/player2/run
2024-11-30 12:28:27,109 - scripts.animation - INFO - Loading animations from directory: data/images/player2/idle/left
2024-11-30 12:28:27,109 - scripts.animation - INFO - Loading animations from directory: data/images/player2/idle/right
2024-11-30 12:28:27,109 - scripts.animation - INFO - Loading animations from directory: data/images/player2/idle/up-right
2024-11-30 12:28:27,109 - scripts.animation - INFO - Loading animations from directory: data/images/player2/idle/down
2024-11-30 12:28:27,109 - scripts.animation - INFO - Loading animations from directory: data/images/player2/idle/up
2024-11-30 12:28:27,110 - scripts.animation - INFO - Loading animations from directory: data/images/player2/idle/down-right
2024-11-30 12:28:27,110 - scripts.animation - INFO - Loading animations from directory: data/images/player2/idle/up-left
2024-11-30 12:28:27,110 - scripts.animation - INFO - Loading animations from directory: data/images/player2/idle/down-left
2024-11-30 12:28:27,110 - scripts.animation - INFO - Loading animations from directory: data/images/player2/run/left
2024-11-30 12:28:27,110 - scripts.animation - INFO - Loading animations from directory: data/images/player2/run/right
2024-11-30 12:28:27,110 - scripts.animation - INFO - Loading animations from directory: data/images/player2/run/up-right
2024-11-30 12:28:27,110 - scripts.animation - INFO - Loading animations from directory: data/images/player2/run/down
2024-11-30 12:28:27,110 - scripts.animation - INFO - Loading animations from directory: data/images/player2/run/up
2024-11-30 12:28:27,110 - scripts.animation - INFO - Loading animations from directory: data/images/player2/run/down-right
2024-11-30 12:28:27,110 - scripts.animation - INFO - Loading animations from directory: data/images/player2/run/up-left
2024-11-30 12:28:27,110 - scripts.animation - INFO - Loading animations from directory: data/images/player2/run/down-left
2024-11-30 12:28:27,111 - scripts.animation - INFO - Loading animations from directory: data/images/gun/idle
2024-11-30 12:28:27,111 - scripts.animation - INFO - Loading animations from directory: data/images/bullet1/idle
2024-11-30 12:28:27,111 - scripts.animation - INFO - Loading animations from directory: data/images/newPlayer/idle
2024-11-30 12:28:27,111 - scripts.animation - INFO - Loading animations from directory: data/images/newPlayer/run
2024-11-30 12:28:27,111 - scripts.animation - INFO - Loading animations from directory: data/images/newPlayer/idle/right
2024-11-30 12:28:27,111 - scripts.animation - INFO - Loading animations from directory: data/images/newPlayer/idle/down
2024-11-30 12:28:27,111 - scripts.animation - INFO - Loading animations from directory: data/images/newPlayer/idle/up
2024-11-30 12:28:27,111 - scripts.animation - INFO - Loading animations from directory: data/images/newPlayer/run/right
2024-11-30 12:28:27,111 - scripts.animation - INFO - Loading animations from directory: data/images/newPlayer/run/down
2024-11-30 12:28:27,112 - scripts.animation - INFO - Loading animations from directory: data/images/newPlayer/run/up
2024-11-30 12:29:03,571 - scripts.animation - INFO - Loading animations from directory: data/images/cursor
2024-11-30 12:29:03,572 - scripts.animation - INFO - Loading animations from directory: data/images/player2
2024-11-30 12:29:03,572 - scripts.animation - INFO - Loading animations from directory: data/images/gun
2024-11-30 12:29:03,572 - scripts.animation - INFO - Loading animations from directory: data/images/bullet1
2024-11-30 12:29:03,572 - scripts.animation - INFO - Loading animations from directory: data/images/newPlayer
2024-11-30 12:29:03,572 - scripts.animation - INFO - Loading animations from directory: data/images/cursor/idle
2024-11-30 12:29:03,573 - scripts.animation - INFO - Loading animations from directory: data/images/player2/idle
2024-11-30 12:29:03,573 - scripts.animation - INFO - Loading animations from directory: data/images/player2/run
2024-11-30 12:29:03,573 - scripts.animation - INFO - Loading animations from directory: data/images/player2/idle/left
2024-11-30 12:29:03,573 - scripts.animation - INFO - Loading animations from directory: data/images/player2/idle/right
2024-11-30 12:29:03,573 - scripts.animation - INFO - Loading animations from directory: data/images/player2/idle/up-right
2024-11-30 12:29:03,573 - scripts.animation - INFO - Loading animations from directory: data/images/player2/idle/down
2024-11-30 12:29:03,573 - scripts.animation - INFO - Loading animations from directory: data/images/player2/idle/up
2024-11-30 12:29:03,573 - scripts.animation - INFO - Loading animations from directory: data/images/player2/idle/down-right
2024-11-30 12:29:03,573 - scripts.animation - INFO - Loading animations from directory: data/images/player2/idle/up-left
2024-11-30 12:29:03,574 - scripts.animation - INFO - Loading animations from directory: data/images/player2/idle/down-left
2024-11-30 12:29:03,574 - scripts.animation - INFO - Loading animations from directory: data/images/player2/run/left
2024-11-30 12:29:03,574 - scripts.animation - INFO - Loading animations from directory: data/images/player2/run/right
2024-11-30 12:29:03,574 - scripts.animation - INFO - Loading animations from directory: data/images/player2/run/up-right
2024-11-30 12:29:03,575 - scripts.animation - INFO - Loading animations from directory: data/images/player2/run/down
2024-11-30 12:29:03,575 - scripts.animation - INFO - Loading animations from directory: data/images/player2/run/up
2024-11-30 12:29:03,575 - scripts.animation - INFO - Loading animations from directory: data/images/player2/run/down-right
2024-11-30 12:29:03,575 - scripts.animation - INFO - Loading animations from directory: data/images/player2/run/up-left
2024-11-30 12:29:03,575 - scripts.animation - INFO - Loading animations from directory: data/images/player2/run/down-left
2024-11-30 12:29:03,575 - scripts.animation - INFO - Loading animations from directory: data/images/gun/idle
2024-11-30 12:29:03,575 - scripts.animation - INFO - Loading animations from directory: data/images/bullet1/idle
2024-11-30 12:29:03,575 - scripts.animation - INFO - Loading animations from directory: data/images/newPlayer/idle
2024-11-30 12:29:03,575 - scripts.animation - INFO - Loading animations from directory: data/images/newPlayer/run
2024-11-30 12:29:03,575 - scripts.animation - INFO - Loading animations from directory: data/images/newPlayer/idle/right
2024-11-30 12:29:03,576 - scripts.animation - INFO - Loading animations from directory: data/images/newPlayer/idle/down
2024-11-30 12:29:03,576 - scripts.animation - INFO - Loading animations from directory: data/images/newPlayer/idle/up
2024-11-30 12:29:03,576 - scripts.animation - INFO - Loading animations from directory: data/images/newPlayer/run/right
2024-11-30 12:29:03,576 - scripts.animation - INFO - Loading animations from directory: data/images/newPlayer/run/down
2024-11-30 12:29:03,576 - scripts.animation - INFO - Loading animations from directory: data/images/newPlayer/run/up
2024-11-30 12:30:43,708 - scripts.animation - INFO - Loading animations from directory: data/images/cursor
2024-11-30 12:30:43,708 - scripts.animation - INFO - Loading animations from directory: data/images/player2
2024-11-30 12:30:43,708 - scripts.animation - INFO - Loading animations from directory: data/images/gun
2024-11-30 12:30:43,708 - scripts.animation - INFO - Loading animations from directory: data/images/bullet1
2024-11-30 12:30:43,708 - scripts.animation - INFO - Loading animations from directory: data/images/newPlayer
2024-11-30 12:30:43,708 - scripts.animation - INFO - Loading animations from directory: data/images/cursor/idle
2024-11-30 12:30:43,709 - scripts.animation - INFO - Loading animations from directory: data/images/player2/idle
2024-11-30 12:30:43,709 - scripts.animation - INFO - Loading animations from directory: data/images/player2/run
2024-11-30 12:30:43,709 - scripts.animation - INFO - Loading animations from directory: data/images/player2/idle/left
2024-11-30 12:30:43,709 - scripts.animation - INFO - Loading animations from directory: data/images/player2/idle/right
2024-11-30 12:30:43,709 - scripts.animation - INFO - Loading animations from directory: data/images/player2/idle/up-right
2024-11-30 12:30:43,709 - scripts.animation - INFO - Loading animations from directory: data/images/player2/idle/down
2024-11-30 12:30:43,709 - scripts.animation - INFO - Loading animations from directory: data/images/player2/idle/up
2024-11-30 12:30:43,709 - scripts.animation - INFO - Loading animations from directory: data/images/player2/idle/down-right
2024-11-30 12:30:43,709 - scripts.animation - INFO - Loading animations from directory: data/images/player2/idle/up-left
2024-11-30 12:30:43,709 - scripts.animation - INFO - Loading animations from directory: data/images/player2/idle/down-left
2024-11-30 12:30:43,710 - scripts.animation - INFO - Loading animations from directory: data/images/player2/run/left
2024-11-30 12:30:43,710 - scripts.animation - INFO - Loading animations from directory: data/images/player2/run/right
2024-11-30 12:30:43,710 - scripts.animation - INFO - Loading animations from directory: data/images/player2/run/up-right
2024-11-30 12:30:43,710 - scripts.animation - INFO - Loading animations from directory: data/images/player2/run/down
2024-11-30 12:30:43,710 - scripts.animation - INFO - Loading animations from directory: data/images/player2/run/up
2024-11-30 12:30:43,710 - scripts.animation - INFO - Loading animations from directory: data/images/player2/run/down-right
2024-11-30 12:30:43,710 - scripts.animation - INFO - Loading animations from directory: data/images/player2/run/up-left
2024-11-30 12:30:43,710 - scripts.animation - INFO - Loading animations from directory: data/images/player2/run/down-left
2024-11-30 12:30:43,710 - scripts.animation - INFO - Loading animations from directory: data/images/gun/idle
2024-11-30 12:30:43,711 - scripts.animation - INFO - Loading animations from directory: data/images/bullet1/idle
2024-11-30 12:30:43,711 - scripts.animation - INFO - Loading animations from directory: data/images/newPlayer/idle
2024-11-30 12:30:43,711 - scripts.animation - INFO - Loading animations from directory: data/images/newPlayer/run
2024-11-30 12:30:43,711 - scripts.animation - INFO - Loading animations from directory: data/images/newPlayer/idle/right
2024-11-30 12:30:43,711 - scripts.animation - INFO - Loading animations from directory: data/images/newPlayer/idle/down
2024-11-30 12:30:43,711 - scripts.animation - INFO - Loading animations from directory: data/images/newPlayer/idle/up
2024-11-30 12:30:43,711 - scripts.animation - INFO - Loading animations from directory: data/images/newPlayer/run/right
2024-11-30 12:30:43,711 - scripts.animation - INFO - Loading animations from directory: data/images/newPlayer/run/down
2024-11-30 12:30:43,711 - scripts.animation - INFO - Loading animations from directory: data/images/newPlayer/run/up
2024-11-30 12:30:51,055 - scripts.animation - INFO - Loading animations from directory: data/images/cursor
2024-11-30 12:30:51,055 - scripts.animation - INFO - Loading animations from directory: data/images/player2
2024-11-30 12:30:51,055 - scripts.animation - INFO - Loading animations from directory: data/images/gun
2024-11-30 12:30:51,055 - scripts.animation - INFO - Loading animations from directory: data/images/bullet1
2024-11-30 12:30:51,055 - scripts.animation - INFO - Loading animations from directory: data/images/newPlayer
2024-11-30 12:30:51,056 - scripts.animation - INFO - Loading animations from directory: data/images/cursor/idle
2024-11-30 12:30:51,056 - scripts.animation - INFO - Loading animations from directory: data/images/player2/idle
2024-11-30 12:30:51,056 - scripts.animation - INFO - Loading animations from directory: data/images/player2/run
2024-11-30 12:30:51,056 - scripts.animation - INFO - Loading animations from directory: data/images/player2/idle/left
2024-11-30 12:30:51,056 - scripts.animation - INFO - Loading animations from directory: data/images/player2/idle/right
2024-11-30 12:30:51,056 - scripts.animation - INFO - Loading animations from directory: data/images/player2/idle/up-right
2024-11-30 12:30:51,056 - scripts.animation - INFO - Loading animations from directory: data/images/player2/idle/down
2024-11-30 12:30:51,056 - scripts.animation - INFO - Loading animations from directory: data/images/player2/idle/up
2024-11-30 12:30:51,056 - scripts.animation - INFO - Loading animations from directory: data/images/player2/idle/down-right
2024-11-30 12:30:51,056 - scripts.animation - INFO - Loading animations from directory: data/images/player2/idle/up-left
2024-11-30 12:30:51,056 - scripts.animation - INFO - Loading animations from directory: data/images/player2/idle/down-left
2024-11-30 12:30:51,057 - scripts.animation - INFO - Loading animations from directory: data/images/player2/run/left
2024-11-30 12:30:51,057 - scripts.animation - INFO - Loading animations from directory: data/images/player2/run/right
2024-11-30 12:30:51,057 - scripts.animation - INFO - Loading animations from directory: data/images/player2/run/up-right
2024-11-30 12:30:51,057 - scripts.animation - INFO - Loading animations from directory: data/images/player2/run/down
2024-11-30 12:30:51,057 - scripts.animation - INFO - Loading animations from directory: data/images/player2/run/up
2024-11-30 12:30:51,057 - scripts.animation - INFO - Loading animations from directory: data/images/player2/run/down-right
2024-11-30 12:30:51,057 - scripts.animation - INFO - Loading animations from directory: data/images/player2/run/up-left
2024-11-30 12:30:51,057 - scripts.animation - INFO - Loading animations from directory: data/images/player2/run/down-left
2024-11-30 12:30:51,057 - scripts.animation - INFO - Loading animations from directory: data/images/gun/idle
2024-11-30 12:30:51,057 - scripts.animation - INFO - Loading animations from directory: data/images/bullet1/idle
2024-11-30 12:30:51,057 - scripts.animation - INFO - Loading animations from directory: data/images/newPlayer/idle
2024-11-30 12:30:51,058 - scripts.animation - INFO - Loading animations from directory: data/images/newPlayer/run
2024-11-30 12:30:51,058 - scripts.animation - INFO - Loading animations from directory: data/images/newPlayer/idle/right
2024-11-30 12:30:51,058 - scripts.animation - INFO - Loading animations from directory: data/images/newPlayer/idle/down
2024-11-30 12:30:51,058 - scripts.animation - INFO - Loading animations from directory: data/images/newPlayer/idle/up
2024-11-30 12:30:51,058 - scripts.animation - INFO - Loading animations from directory: data/images/newPlayer/run/right
2024-11-30 12:30:51,058 - scripts.animation - INFO - Loading animations from directory: data/images/newPlayer/run/down
2024-11-30 12:30:51,058 - scripts.animation - INFO - Loading animations from directory: data/images/newPlayer/run/up
